Using pre-set license
Built from '2022.1/staging' branch; Version is '2022.1.16f1 (7321c9670bc2) revision 7545289'; Using compiler version '192829333'; Build Type 'Release'
OS: 'Windows 10  (10.0.19043) 64bit Professional' Language: 'zh' Physical Memory: 16326 MB
BatchMode: 1, IsHumanControllingUs: 0, StartBugReporterOnCrash: 0, Is64bit: 1, IsPro: 1

COMMAND LINE ARGUMENTS:
C:\Program Files\Unity\Hub\Editor\2022.1.16f1\Editor\Unity.exe
-adb2
-batchMode
-noUpm
-name
AssetImportWorker0
-projectPath
C:/Users/USER/Desktop/Learn3D/Unity3D URP
-logFile
Logs/AssetImportWorker0.log
-srvPort
13140
Successfully changed project path to: C:/Users/USER/Desktop/Learn3D/Unity3D URP
C:/Users/USER/Desktop/Learn3D/Unity3D URP
[UnityMemory] Configuration Parameters - Can be set up in boot.config
    "memorysetup-bucket-allocator-granularity=16"
    "memorysetup-bucket-allocator-bucket-count=8"
    "memorysetup-bucket-allocator-block-size=33554432"
    "memorysetup-bucket-allocator-block-count=8"
    "memorysetup-main-allocator-block-size=16777216"
    "memorysetup-thread-allocator-block-size=16777216"
    "memorysetup-gfx-main-allocator-block-size=16777216"
    "memorysetup-gfx-thread-allocator-block-size=16777216"
    "memorysetup-cache-allocator-block-size=4194304"
    "memorysetup-typetree-allocator-block-size=2097152"
    "memorysetup-profiler-bucket-allocator-granularity=16"
    "memorysetup-profiler-bucket-allocator-bucket-count=8"
    "memorysetup-profiler-bucket-allocator-block-size=33554432"
    "memorysetup-profiler-bucket-allocator-block-count=8"
    "memorysetup-profiler-allocator-block-size=16777216"
    "memorysetup-profiler-editor-allocator-block-size=1048576"
    "memorysetup-temp-allocator-size-main=16777216"
    "memorysetup-job-temp-allocator-block-size=2097152"
    "memorysetup-job-temp-allocator-block-size-background=1048576"
    "memorysetup-job-temp-allocator-reduction-small-platforms=262144"
    "memorysetup-temp-allocator-size-background-worker=32768"
    "memorysetup-temp-allocator-size-job-worker=262144"
    "memorysetup-temp-allocator-size-preload-manager=33554432"
    "memorysetup-temp-allocator-size-nav-mesh-worker=65536"
    "memorysetup-temp-allocator-size-audio-worker=65536"
    "memorysetup-temp-allocator-size-cloud-worker=32768"
    "memorysetup-temp-allocator-size-gi-baking-worker=262144"
    "memorysetup-temp-allocator-size-gfx=262144"
Refreshing native plugins compatible for Editor in 266.52 ms, found 3 plugins.
Preloading 0 native plugins for Editor in 0.00 ms.
Initialize engine version: 2022.1.16f1 (7321c9670bc2)
[Subsystems] Discovering subsystems at path C:/Program Files/Unity/Hub/Editor/2022.1.16f1/Editor/Data/Resources/UnitySubsystems
[Subsystems] Discovering subsystems at path C:/Users/USER/Desktop/Learn3D/Unity3D URP/Assets
GfxDevice: creating device client; threaded=0; jobified=0
Direct3D:
    Version:  Direct3D 11.0 [level 11.0]
    Renderer: ATI FirePro V (FireGL V) Graphics Adapter (ID=0x674a)
    Vendor:   ATI
    VRAM:     1008 MB
    Driver:   15.201.1151.1008
Initialize mono
Mono path[0] = 'C:/Program Files/Unity/Hub/Editor/2022.1.16f1/Editor/Data/Managed'
Mono path[1] = 'C:/Program Files/Unity/Hub/Editor/2022.1.16f1/Editor/Data/MonoBleedingEdge/lib/mono/unityjit-win32'
Mono config path = 'C:/Program Files/Unity/Hub/Editor/2022.1.16f1/Editor/Data/MonoBleedingEdge/etc'
Using monoOptions --debugger-agent=transport=dt_socket,embedding=1,server=y,suspend=n,address=127.0.0.1:56368
Begin MonoManager ReloadAssembly
Registering precompiled unity dll's ...
Register platform support module: C:/Program Files/Unity/Hub/Editor/2022.1.16f1/Editor/Data/PlaybackEngines/WebGLSupport/UnityEditor.WebGL.Extensions.dll
Register platform support module: C:/Program Files/Unity/Hub/Editor/2022.1.16f1/Editor/Data/PlaybackEngines/AndroidPlayer/UnityEditor.Android.Extensions.dll
Register platform support module: C:/Program Files/Unity/Hub/Editor/2022.1.16f1/Editor/Data/PlaybackEngines/WindowsStandaloneSupport/UnityEditor.WindowsStandalone.Extensions.dll
Registered in 0.016928 seconds.
Native extension for WindowsStandalone target not found
Native extension for Android target not found
Native extension for WebGL target not found
Refreshing native plugins compatible for Editor in 169.33 ms, found 3 plugins.
Preloading 0 native plugins for Editor in 0.00 ms.
Mono: successfully reloaded assembly
- Completed reload, in  1.308 seconds
Domain Reload Profiling:
	ReloadAssembly (1309ms)
		BeginReloadAssembly (120ms)
			ExecutionOrderSort (0ms)
			DisableScriptedObjects (0ms)
			BackupInstance (0ms)
			ReleaseScriptingObjects (0ms)
			CreateAndSetChildDomain (1ms)
		EndReloadAssembly (985ms)
			LoadAssemblies (117ms)
			RebuildTransferFunctionScriptingTraits (0ms)
			SetupTypeCache (286ms)
				TypeCache.Initialize (285ms)
					TypeCache.ScanAssembly (282ms)
				ResolveRequiredComponents (1ms)
			ReleaseScriptCaches (0ms)
			RebuildScriptCaches (43ms)
			SetupLoadedEditorAssemblies (519ms)
				LogAssemblyErrors (0ms)
				InitializePlatformSupportModulesInManaged (88ms)
				SetLoadedEditorAssemblies (12ms)
				RefreshPlugins (169ms)
				BeforeProcessingInitializeOnLoad (2ms)
				ProcessInitializeOnLoadAttributes (184ms)
				ProcessInitializeOnLoadMethodAttributes (64ms)
				AfterProcessingInitializeOnLoad (0ms)
				EditorAssembliesLoaded (0ms)
			ExecutionOrderSort2 (0ms)
			AwakeInstancesAfterBackupRestoration (0ms)
Platform modules already initialized, skipping
Registering precompiled user dll's ...
Registered in 0.015396 seconds.
Begin MonoManager ReloadAssembly
Symbol file LoadedFromMemory doesn't match image C:\Users\USER\Desktop\Learn3D\Unity3D URP\Library\PackageCache\com.unity.visualscripting@1.7.8\Editor\VisualScripting.Core\Dependencies\YamlDotNet\Unity.VisualScripting.YamlDotNet.dll
Symbol file LoadedFromMemory doesn't match image C:\Users\USER\Desktop\Learn3D\Unity3D URP\Library\PackageCache\com.unity.visualscripting@1.7.8\Editor\VisualScripting.Core\Dependencies\DotNetZip\Unity.VisualScripting.IonicZip.dll
Native extension for WindowsStandalone target not found
Native extension for Android target not found
Native extension for WebGL target not found
Refreshing native plugins compatible for Editor in 168.64 ms, found 3 plugins.
Preloading 0 native plugins for Editor in 0.00 ms.
Mono: successfully reloaded assembly
- Completed reload, in  2.259 seconds
Domain Reload Profiling:
	ReloadAssembly (2260ms)
		BeginReloadAssembly (314ms)
			ExecutionOrderSort (0ms)
			DisableScriptedObjects (9ms)
			BackupInstance (0ms)
			ReleaseScriptingObjects (1ms)
			CreateAndSetChildDomain (142ms)
		EndReloadAssembly (1779ms)
			LoadAssemblies (149ms)
			RebuildTransferFunctionScriptingTraits (0ms)
			SetupTypeCache (483ms)
				TypeCache.Initialize (465ms)
					TypeCache.ScanAssembly (458ms)
				ResolveRequiredComponents (17ms)
			ReleaseScriptCaches (1ms)
			RebuildScriptCaches (101ms)
			SetupLoadedEditorAssemblies (970ms)
				LogAssemblyErrors (0ms)
				InitializePlatformSupportModulesInManaged (33ms)
				SetLoadedEditorAssemblies (10ms)
				RefreshPlugins (169ms)
				BeforeProcessingInitializeOnLoad (206ms)
				ProcessInitializeOnLoadAttributes (401ms)
				ProcessInitializeOnLoadMethodAttributes (137ms)
				AfterProcessingInitializeOnLoad (15ms)
				EditorAssembliesLoaded (0ms)
			ExecutionOrderSort2 (0ms)
			AwakeInstancesAfterBackupRestoration (8ms)
Platform modules already initialized, skipping
========================================================================
Worker process is ready to serve import requests
Launched and connected shader compiler UnityShaderCompiler.exe after 0.06 seconds
Refreshing native plugins compatible for Editor in 1.71 ms, found 3 plugins.
Preloading 0 native plugins for Editor in 0.00 ms.
Unloading 5621 Unused Serialized files (Serialized files now loaded: 0)
Unloading 41 unused Assets / (0.8 MB). Loaded Objects now: 6081.
Memory consumption went from 0.86 GB to 0.86 GB.
Total: 8.350800 ms (FindLiveObjects: 0.670300 ms CreateObjectMapping: 1.132300 ms MarkObjects: 5.948700 ms  DeleteObjects: 0.597700 ms)

AssetImportParameters requested are different than current active one (requested -> active):
  custom:video-decoder-ogg-theora: a1e56fd34408186e4bbccfd4996cb3dc -> 
  custom:container-muxer-webm: aa71ff27fc2769a1b78a27578f13a17b -> 
  custom:container-demuxer-webm: 4f35f7cbe854078d1ac9338744f61a02 -> 
  custom:video-encoder-webm-vp8: eb34c28f22e8b96e1ab97ce403110664 -> 
  custom:audio-encoder-webm-vorbis: bf7c407c2cedff20999df2af8eb42d56 -> 
  custom:framework-win-MediaFoundation: 216162199b28c13a410421893ffa2e32 -> 
  custom:container-demuxer-ogg: 62fdf1f143b41e24485cea50d1cbac27 -> 
  custom:video-decoder-webm-vp8: 9c59270c3fd7afecdb556c50c9e8de78 -> 
  custom:audio-decoder-ogg-vorbis: bf7c407c2cedff20999df2af8eb42d56 -> 
========================================================================
Received Import Request.
  Time since last request: 7556.436937 seconds.
  path: Assets/窗戶.mat
  artifactKey: Guid(43b4f486df205a149a75a38b23811543) Importer(815301076,1909f56bfc062723c751e8b465ee728b)
Start importing Assets/窗戶.mat using Guid(43b4f486df205a149a75a38b23811543) Importer(815301076,1909f56bfc062723c751e8b465ee728b)  -> (artifact id: 'fdca8dc7c1f4d76d46b1bce8e6e3e70f') in 0.278083 seconds 
========================================================================
Received Import Request.
  Time since last request: 1143.822234 seconds.
  path: Assets/地板.mat
  artifactKey: Guid(19f6b8b753727f9488db80b5226a83c2) Importer(815301076,1909f56bfc062723c751e8b465ee728b)
Start importing Assets/地板.mat using Guid(19f6b8b753727f9488db80b5226a83c2) Importer(815301076,1909f56bfc062723c751e8b465ee728b)  -> (artifact id: '18425a7c68bbcc2b337b7902d8df2740') in 0.026603 seconds 
========================================================================
Received Import Request.
  Time since last request: 148.655043 seconds.
  path: Assets/地板.mat
  artifactKey: Guid(19f6b8b753727f9488db80b5226a83c2) Importer(815301076,1909f56bfc062723c751e8b465ee728b)
Start importing Assets/地板.mat using Guid(19f6b8b753727f9488db80b5226a83c2) Importer(815301076,1909f56bfc062723c751e8b465ee728b)  -> (artifact id: 'b3f490444fdd9996f20747c6a339d280') in 0.019859 seconds 
========================================================================
Received Import Request.
  Time since last request: 72.989421 seconds.
  path: Assets/窗戶.mat
  artifactKey: Guid(43b4f486df205a149a75a38b23811543) Importer(815301076,1909f56bfc062723c751e8b465ee728b)
Start importing Assets/窗戶.mat using Guid(43b4f486df205a149a75a38b23811543) Importer(815301076,1909f56bfc062723c751e8b465ee728b)  -> (artifact id: '06e0a83fa440b65c09b6f629ba781ebb') in 0.014690 seconds 
========================================================================
Received Import Request.
  Time since last request: 501.807911 seconds.
  path: Assets/urp.asset
  artifactKey: Guid(bbac4ed2ae28a50478a0a9fa134fa1b5) Importer(815301076,1909f56bfc062723c751e8b465ee728b)
Start importing Assets/urp.asset using Guid(bbac4ed2ae28a50478a0a9fa134fa1b5) Importer(815301076,1909f56bfc062723c751e8b465ee728b)  -> (artifact id: '506883cebedab17b40f06ca1607b1f93') in 0.045638 seconds 
========================================================================
Received Import Request.
  Time since last request: 0.000032 seconds.
  path: Assets/urp_Renderer.asset
  artifactKey: Guid(01e807301fab54f4faf0c15afdab0ea2) Importer(815301076,1909f56bfc062723c751e8b465ee728b)
Start importing Assets/urp_Renderer.asset using Guid(01e807301fab54f4faf0c15afdab0ea2) Importer(815301076,1909f56bfc062723c751e8b465ee728b)  -> (artifact id: '8740c571dfea1a00dc8b292b8fd7d723') in 0.033334 seconds 
========================================================================
Received Prepare
Refreshing native plugins compatible for Editor in 21.44 ms, found 3 plugins.
Preloading 0 native plugins for Editor in 0.00 ms.
Unloading 86 Unused Serialized files (Serialized files now loaded: 0)
Unloading 27 unused Assets / (360.4 KB). Loaded Objects now: 6184.
Memory consumption went from 141.7 MB to 141.4 MB.
Total: 7.056500 ms (FindLiveObjects: 0.833700 ms CreateObjectMapping: 0.852800 ms MarkObjects: 5.132800 ms  DeleteObjects: 0.235700 ms)

AssetImportParameters requested are different than current active one (requested -> active):
  custom:video-decoder-ogg-theora: a1e56fd34408186e4bbccfd4996cb3dc -> 
  custom:container-muxer-webm: aa71ff27fc2769a1b78a27578f13a17b -> 
  custom:container-demuxer-webm: 4f35f7cbe854078d1ac9338744f61a02 -> 
  custom:video-encoder-webm-vp8: eb34c28f22e8b96e1ab97ce403110664 -> 
  custom:audio-encoder-webm-vorbis: bf7c407c2cedff20999df2af8eb42d56 -> 
  custom:framework-win-MediaFoundation: 216162199b28c13a410421893ffa2e32 -> 
  custom:container-demuxer-ogg: 62fdf1f143b41e24485cea50d1cbac27 -> 
  custom:video-decoder-webm-vp8: 9c59270c3fd7afecdb556c50c9e8de78 -> 
  custom:audio-decoder-ogg-vorbis: bf7c407c2cedff20999df2af8eb42d56 -> 
========================================================================
Received Import Request.
  Time since last request: 23.106207 seconds.
  path: Assets/urp.asset
  artifactKey: Guid(bbac4ed2ae28a50478a0a9fa134fa1b5) Importer(815301076,1909f56bfc062723c751e8b465ee728b)
Start importing Assets/urp.asset using Guid(bbac4ed2ae28a50478a0a9fa134fa1b5) Importer(815301076,1909f56bfc062723c751e8b465ee728b)  -> (artifact id: '2e838915626cb00e5ebc41856b45f3f8') in 0.005264 seconds 
========================================================================
Received Import Request.
  Time since last request: 0.000035 seconds.
  path: Assets/窗戶.mat
  artifactKey: Guid(43b4f486df205a149a75a38b23811543) Importer(815301076,1909f56bfc062723c751e8b465ee728b)
Start importing Assets/窗戶.mat using Guid(43b4f486df205a149a75a38b23811543) Importer(815301076,1909f56bfc062723c751e8b465ee728b)  -> (artifact id: '0f03195e686dc1ccec483664508b72b5') in 0.478734 seconds 
========================================================================
Received Import Request.
  Time since last request: 0.000051 seconds.
  path: Assets/urp_Renderer.asset
  artifactKey: Guid(01e807301fab54f4faf0c15afdab0ea2) Importer(815301076,1909f56bfc062723c751e8b465ee728b)
Start importing Assets/urp_Renderer.asset using Guid(01e807301fab54f4faf0c15afdab0ea2) Importer(815301076,1909f56bfc062723c751e8b465ee728b)  -> (artifact id: 'a1a435a64ae6918eba2857ba670522b7') in 0.015795 seconds 
========================================================================
Received Import Request.
  Time since last request: 0.000051 seconds.
  path: Assets/地板.mat
  artifactKey: Guid(19f6b8b753727f9488db80b5226a83c2) Importer(815301076,1909f56bfc062723c751e8b465ee728b)
Start importing Assets/地板.mat using Guid(19f6b8b753727f9488db80b5226a83c2) Importer(815301076,1909f56bfc062723c751e8b465ee728b)  -> (artifact id: 'bbd042944363daceb19955a68d84d1c4') in 0.029842 seconds 
========================================================================
Received Import Request.
  Time since last request: 0.000031 seconds.
  path: Assets/UniversalRenderPipelineGlobalSettings.asset
  artifactKey: Guid(38b35347542e5af4c9b140950c5b18db) Importer(815301076,1909f56bfc062723c751e8b465ee728b)
Start importing Assets/UniversalRenderPipelineGlobalSettings.asset using Guid(38b35347542e5af4c9b140950c5b18db) Importer(815301076,1909f56bfc062723c751e8b465ee728b)  -> (artifact id: '9101748f7a2565df8bed152087aa61ab') in 0.008637 seconds 
========================================================================
Received Import Request.
  Time since last request: 0.000034 seconds.
  path: Assets/Readme.asset
  artifactKey: Guid(83c2ed844a8c74b779a4c823d16594b1) Importer(815301076,1909f56bfc062723c751e8b465ee728b)
Start importing Assets/Readme.asset using Guid(83c2ed844a8c74b779a4c823d16594b1) Importer(815301076,1909f56bfc062723c751e8b465ee728b)  -> (artifact id: '764e2d4b1d4b94f8023035d93526591d') in 0.004191 seconds 
========================================================================
Received Import Request.
  Time since last request: 141.416174 seconds.
  path: Assets/urp.asset
  artifactKey: Guid(bbac4ed2ae28a50478a0a9fa134fa1b5) Importer(815301076,1909f56bfc062723c751e8b465ee728b)
Start importing Assets/urp.asset using Guid(bbac4ed2ae28a50478a0a9fa134fa1b5) Importer(815301076,1909f56bfc062723c751e8b465ee728b)  -> (artifact id: '2244304c228573d735cab262d96d4af3') in 0.005078 seconds 
========================================================================
Received Import Request.
  Time since last request: 65.174932 seconds.
  path: Assets/Scenes/SampleScene/Global Volume Profile.asset
  artifactKey: Guid(796d3e824174a47429e0984b49aa78b4) Importer(815301076,1909f56bfc062723c751e8b465ee728b)
Start importing Assets/Scenes/SampleScene/Global Volume Profile.asset using Guid(796d3e824174a47429e0984b49aa78b4) Importer(815301076,1909f56bfc062723c751e8b465ee728b)  -> (artifact id: '5b03e05efd0665a57fec88cabbc35d0f') in 0.010809 seconds 
========================================================================
Received Import Request.
  Time since last request: 0.000060 seconds.
  path: Assets/Scenes/SampleScene/Lightmap-0_comp_dir.png
  artifactKey: Guid(ebfaac15daab6de42a676b4369c8e257) Importer(815301076,1909f56bfc062723c751e8b465ee728b)
Start importing Assets/Scenes/SampleScene/Lightmap-0_comp_dir.png using Guid(ebfaac15daab6de42a676b4369c8e257) Importer(815301076,1909f56bfc062723c751e8b465ee728b)  -> (artifact id: 'b2f3e4955fe9c90cea41202a6ffe7d64') in 0.126445 seconds 
========================================================================
Received Import Request.
  Time since last request: 0.000031 seconds.
  path: Assets/Scenes/SampleScene/Lightmap-0_comp_light.exr
  artifactKey: Guid(7b4b0ae2919e64348b3f5f7f09cd2d15) Importer(815301076,1909f56bfc062723c751e8b465ee728b)
Start importing Assets/Scenes/SampleScene/Lightmap-0_comp_light.exr using Guid(7b4b0ae2919e64348b3f5f7f09cd2d15) Importer(815301076,1909f56bfc062723c751e8b465ee728b)  -> (artifact id: '335d5d191450894d23a026730da2c97f') in 0.034589 seconds 
========================================================================
Received Import Request.
  Time since last request: 0.000043 seconds.
  path: Assets/Scenes/SampleScene/LightingData.asset
  artifactKey: Guid(4590d4da3c4309b49918863e261eade7) Importer(815301076,1909f56bfc062723c751e8b465ee728b)
Start importing Assets/Scenes/SampleScene/LightingData.asset using Guid(4590d4da3c4309b49918863e261eade7) Importer(815301076,1909f56bfc062723c751e8b465ee728b)  -> (artifact id: '1b6f6f993bb628508de9f6dea121d1c0') in 0.010077 seconds 
========================================================================
Received Import Request.
  Time since last request: 0.000059 seconds.
  path: Assets/Scenes/SampleScene/ReflectionProbe-1.exr
  artifactKey: Guid(289ee985f6c862b4a8e4c2ba2451b2c9) Importer(815301076,1909f56bfc062723c751e8b465ee728b)
Start importing Assets/Scenes/SampleScene/ReflectionProbe-1.exr using Guid(289ee985f6c862b4a8e4c2ba2451b2c9) Importer(815301076,1909f56bfc062723c751e8b465ee728b)  -> (artifact id: 'fc8c9e820f6827b8fa11bf6bf4a661ff') in 0.037546 seconds 
========================================================================
Received Import Request.
  Time since last request: 0.000041 seconds.
  path: Assets/Scenes/SampleScene/ReflectionProbe-0.exr
  artifactKey: Guid(92f32bf8b09214b44abc7de0f1d3f525) Importer(815301076,1909f56bfc062723c751e8b465ee728b)
Start importing Assets/Scenes/SampleScene/ReflectionProbe-0.exr using Guid(92f32bf8b09214b44abc7de0f1d3f525) Importer(815301076,1909f56bfc062723c751e8b465ee728b)  -> (artifact id: '26dc882e0aa8c44f524a2f9dff5803ec') in 0.025980 seconds 
========================================================================
Received Import Request.
  Time since last request: 12.503379 seconds.
  path: Assets/Scenes/SampleScene/Global Volume Profile.asset
  artifactKey: Guid(796d3e824174a47429e0984b49aa78b4) Importer(815301076,1909f56bfc062723c751e8b465ee728b)
Start importing Assets/Scenes/SampleScene/Global Volume Profile.asset using Guid(796d3e824174a47429e0984b49aa78b4) Importer(815301076,1909f56bfc062723c751e8b465ee728b)  -> (artifact id: '20d3c72b1d24a5c0bdc32357fe2f5a0e') in 0.004336 seconds 
========================================================================
Received Import Request.
  Time since last request: 50.979105 seconds.
  path: Assets/牆壁.mat
  artifactKey: Guid(d71975408f0a11d4697a647f91949667) Importer(815301076,1909f56bfc062723c751e8b465ee728b)
Start importing Assets/牆壁.mat using Guid(d71975408f0a11d4697a647f91949667) Importer(815301076,1909f56bfc062723c751e8b465ee728b)  -> (artifact id: '3c64f60d4bc900fc529568517909655c') in 2.131086 seconds 
========================================================================
Received Import Request.
  Time since last request: 43.810187 seconds.
  path: Assets/牆壁.mat
  artifactKey: Guid(d71975408f0a11d4697a647f91949667) Importer(815301076,1909f56bfc062723c751e8b465ee728b)
Start importing Assets/牆壁.mat using Guid(d71975408f0a11d4697a647f91949667) Importer(815301076,1909f56bfc062723c751e8b465ee728b)  -> (artifact id: '4c1949deed85fc5125d6d49461ef1221') in 1.982375 seconds 
========================================================================
Received Import Request.
  Time since last request: 108.038999 seconds.
  path: Assets/地板.mat
  artifactKey: Guid(19f6b8b753727f9488db80b5226a83c2) Importer(815301076,1909f56bfc062723c751e8b465ee728b)
Start importing Assets/地板.mat using Guid(19f6b8b753727f9488db80b5226a83c2) Importer(815301076,1909f56bfc062723c751e8b465ee728b)  -> (artifact id: '40302a31a501f79fa9a35360439c67b2') in 0.057215 seconds 
========================================================================
Received Import Request.
  Time since last request: 0.000047 seconds.
  path: Assets/地板 1.mat
  artifactKey: Guid(b506642c186f6aa42b0ac35c16cc2cc1) Importer(815301076,1909f56bfc062723c751e8b465ee728b)
Start importing Assets/地板 1.mat using Guid(b506642c186f6aa42b0ac35c16cc2cc1) Importer(815301076,1909f56bfc062723c751e8b465ee728b)  -> (artifact id: 'da3e13d59b2ae6d81fa8e32b3f59699b') in 0.022616 seconds 
========================================================================
Received Import Request.
  Time since last request: 153.000423 seconds.
  path: Assets/New Material.mat
  artifactKey: Guid(aaf569aea5b17b04cabc230bd0b1c88c) Importer(815301076,1909f56bfc062723c751e8b465ee728b)
Start importing Assets/New Material.mat using Guid(aaf569aea5b17b04cabc230bd0b1c88c) Importer(815301076,1909f56bfc062723c751e8b465ee728b)  -> (artifact id: 'df9afef99d1455dcbd6482c36c398d3b') in 0.022557 seconds 
========================================================================
Received Import Request.
  Time since last request: 0.000037 seconds.
  path: Assets/地板 1.mat
  artifactKey: Guid(b506642c186f6aa42b0ac35c16cc2cc1) Importer(815301076,1909f56bfc062723c751e8b465ee728b)
Start importing Assets/地板 1.mat using Guid(b506642c186f6aa42b0ac35c16cc2cc1) Importer(815301076,1909f56bfc062723c751e8b465ee728b)  -> (artifact id: '7303306b4bd93f60ff4bf4c989ae7a5e') in 0.026413 seconds 
========================================================================
Received Import Request.
  Time since last request: 27.776696 seconds.
  path: Assets/窗戶.mat
  artifactKey: Guid(aaf569aea5b17b04cabc230bd0b1c88c) Importer(815301076,1909f56bfc062723c751e8b465ee728b)
Start importing Assets/窗戶.mat using Guid(aaf569aea5b17b04cabc230bd0b1c88c) Importer(815301076,1909f56bfc062723c751e8b465ee728b)  -> (artifact id: '07252c29ae6d6de0165eb2f73dd58336') in 0.019729 seconds 
========================================================================
Received Import Request.
  Time since last request: 45.849208 seconds.
  path: Assets/窗戶.mat
  artifactKey: Guid(aaf569aea5b17b04cabc230bd0b1c88c) Importer(815301076,1909f56bfc062723c751e8b465ee728b)
Start importing Assets/窗戶.mat using Guid(aaf569aea5b17b04cabc230bd0b1c88c) Importer(815301076,1909f56bfc062723c751e8b465ee728b)  -> (artifact id: '666f19cbcc5384f02e68f040cb308ebf') in 0.017515 seconds 
